<?xml version="1.0" encoding="UTF-8"?>
<testng-results ignored="0" total="1" passed="1" failed="0" skipped="0">
  <reporter-output>
  </reporter-output>
  <suite started-at="2021-09-26T04:44:45 EET" name="Default suite" finished-at="2021-09-26T04:44:52 EET" duration-ms="7135">
    <groups>
    </groups>
    <test started-at="2021-09-26T04:44:45 EET" name="Default test" finished-at="2021-09-26T04:44:52 EET" duration-ms="7135">
      <class name="tests.Task1">
        <test-method signature="Palindrome()[pri:0, instance:tests.Task1@fa49800]" started-at="2021-09-26T04:44:45 EET" name="Palindrome" finished-at="2021-09-26T04:44:52 EET" duration-ms="7068" status="PASS">
          <reporter-output>
          </reporter-output>
        </test-method> <!-- Palindrome -->
      </class> <!-- tests.Task1 -->
    </test> <!-- Default test -->
  </suite> <!-- Default suite -->
</testng-results>
